3 6 9
0 0 9
83333333333 416666666665 500000000002
1 499999999999 500000000000
0 0 1
0 0 5
3 18 21
499500499 499500499000 500000000501
499999 499998500001 500000999999
2762066 366285858458 366288689201
4760198832 71402982480 76163181314
0 0 2
0 0 1000000000000
0 0 100000000000
15 486242813505 513757186480
64 497777777728 502222222208
6 466666666662 533333333332
86 49749766072 50250233842
49 490000000000 509999999950
1 2 4
0 0 420506530901
1 321688347872 638687173262
0 0 1000000000000
3 45760909089 54239090907
3 6 10
0 0 999999999999
84 496909331184 503090668732
499 499000002994 500999996507
2047 274743689216 275012122625
14999 49996661667 50003323333
2 2 5
1 250000000001 749999999998
1 1 3
2 1192080414 1914957717
6776 499980556152 500019437072
6776 499980549376 500019443848
19 475000000000 524999999981
0 0 216929598879
1 250000000000 749999999999
4 400000000004 599999999992
0 0 100000000000
4 401127200004 498872799992
4 436492080284 469536819716
250000000000 250000000000 500000000000
